=== Run: mappo_20260421_181448_gpu0 ===
Output: runs/mappo/mappo_20260421_181448_gpu0/  n_envs=32

Training MAPPO (centralised critic)...

Evaluating across car counts...
  cars=1: both=75.0%  A=75.0%  B=75.0%  avg_steps=6.1
  cars=2: both=58.5%  A=58.5%  B=58.5%  avg_steps=5.3
  cars=3: both=41.5%  A=41.5%  B=41.5%  avg_steps=4.6
  cars=4: both=27.0%  A=27.0%  B=27.0%  avg_steps=4.0
  cars=5: both=29.0%  A=29.0%  B=29.0%  avg_steps=4.0
  cars=6: both=17.0%  A=17.0%  B=17.0%  avg_steps=3.4

Collecting action-distribution evidence...

Generating report...
Report saved: runs/mappo/mappo_20260421_181448_gpu0/report.html

Done in 52s.  Files in runs/mappo/mappo_20260421_181448_gpu0/

======================================================================
  COOPERATION GAP — Stage 4 (IDQN) vs Stage 5 (MAPPO)
======================================================================

  BOTH FROGS WIN RATE  (mean over seeds, 200 eval episodes each)
+--------+----------------+----------------+----------------+----------------+----------------+----------------+
|   Cars |  1 car       |  2 cars      |  3 cars      |  4 cars      |  5 cars      |  6 cars      |
+--------+----------------+----------------+----------------+----------------+----------------+----------------+
|   IDQN |  43.0%         |  24.4%         |  16.6%         |  11.8%         |   6.0%         |   6.2%         |
|  MAPPO |  75.0%         |  58.5%         |  41.5%         |  27.0%         |  29.0%         |  17.0%         |
| Δ MAPPO-IDQN | +32.0%         | +34.1%         | +24.9%         | +15.2%         | +23.0%         | +10.8%         |
+--------+----------------+----------------+----------------+----------------+----------------+----------------+

  INDIVIDUAL AGENT SUCCESS  (MAPPO mean, 200 eval episodes)
+--------+----------------+----------------+----------------+----------------+----------------+----------------+
|   Cars |  1 car       |  2 cars      |  3 cars      |  4 cars      |  5 cars      |  6 cars      |
+--------+----------------+----------------+----------------+----------------+----------------+----------------+
| Frog A |  75.0%         |  58.5%         |  41.5%         |  27.0%         |  29.0%         |  17.0%         |
| Frog B |  75.0%         |  58.5%         |  41.5%         |  27.0%         |  29.0%         |  17.0%         |
+--------+----------------+----------------+----------------+----------------+----------------+----------------+

  AVG EPISODE LENGTH (steps)
+--------+--------------+--------------+--------------+--------------+--------------+--------------+
|   Cars |  1 car     |  2 cars    |  3 cars    |  4 cars    |  5 cars    |  6 cars    |
+--------+--------------+--------------+--------------+--------------+--------------+--------------+
|   IDQN |    89.8     |    74.2     |    50.2     |    34.9     |    29.0     |    22.8     |
|  MAPPO |     6.1     |     5.3     |     4.6     |     4.0     |     4.0     |     3.4     |
+--------+--------------+--------------+--------------+--------------+--------------+--------------+
